PRIMER CARACTER: 1 c
POS: 2
SEGUNDO CHAR: u
POS: 20
AÃ‘ADIMOS BIGRAMA
1
PRIMER CARACTER: 2 u
POS: 20
SEGUNDO CHAR: a
POS: 0
AÃ‘ADIMOS BIGRAMA
1
PRIMER CARACTER: 3 a
POS: 0
SEGUNDO CHAR: n
POS: 13
AÃ‘ADIMOS BIGRAMA
1
PRIMER CARACTER: 4 n
POS: 13
SEGUNDO CHAR: d
POS: 3
AÃ‘ADIMOS BIGRAMA
1
PRIMER CARACTER: 5 d
POS: 3
SEGUNDO CHAR: o
POS: 14
AÃ‘ADIMOS BIGRAMA
1
PRIMER CARACTER: 6 o
POS: 14
SEGUNDO CHAR:  
POS: -1
PRIMER CARACTER: 8 e
POS: 4
SEGUNDO CHAR: l
POS: 11
AÃ‘ADIMOS BIGRAMA
1
PRIMER CARACTER: 9 l
POS: 11
SEGUNDO CHAR:  
POS: -1
PRIMER CARACTER: 11 n
POS: 13
SEGUNDO CHAR: i
POS: 8
AÃ‘ADIMOS BIGRAMA
1
PRIMER CARACTER: 12 i
POS: 8
SEGUNDO CHAR: ñ
POS: 43
AÃ‘ADIMOS BIGRAMA
1
PRIMER CARACTER: 13 ñ
POS: 43
SEGUNDO CHAR: o
POS: 14
AÃ‘ADIMOS BIGRAMA
1
PRIMER CARACTER: 14 o
POS: 14
SEGUNDO CHAR:  
POS: -1
PRIMER CARACTER: 16 e
POS: 4
SEGUNDO CHAR: s
POS: 18
AÃ‘ADIMOS BIGRAMA
1
PRIMER CARACTER: 17 s
POS: 18
SEGUNDO CHAR: t
POS: 19
AÃ‘ADIMOS BIGRAMA
1
PRIMER CARACTER: 18 t
POS: 19
SEGUNDO CHAR: u
POS: 20
AÃ‘ADIMOS BIGRAMA
1
PRIMER CARACTER: 19 u
POS: 20
SEGUNDO CHAR: d
POS: 3
AÃ‘ADIMOS BIGRAMA
1
PRIMER CARACTER: 20 d
POS: 3
SEGUNDO CHAR: i
POS: 8
AÃ‘ADIMOS BIGRAMA
1
PRIMER CARACTER: 21 i
POS: 8
SEGUNDO CHAR: a
POS: 0
AÃ‘ADIMOS BIGRAMA
1
PRIMER CARACTER: 22 a
POS: 0
SEGUNDO CHAR: b
POS: 1
AÃ‘ADIMOS BIGRAMA
1
PRIMER CARACTER: 23 b
POS: 1
SEGUNDO CHAR: a
POS: 0
AÃ‘ADIMOS BIGRAMA
1
PRIMER CARACTER: 24 a
POS: 0
SEGUNDO CHAR:  
POS: -1
PRIMER CARACTER: 26 l
POS: 11
SEGUNDO CHAR: o
POS: 14
AÃ‘ADIMOS BIGRAMA
1
PRIMER CARACTER: 27 o
POS: 14
SEGUNDO CHAR: s
POS: 18
AÃ‘ADIMOS BIGRAMA
1
PRIMER CARACTER: 28 s
POS: 18
SEGUNDO CHAR:  
POS: -1
PRIMER CARACTER: 30 ú
POS: 51
SEGUNDO CHAR: l
POS: 11
AÃ‘ADIMOS BIGRAMA
1
PRIMER CARACTER: 31 l
POS: 11
SEGUNDO CHAR: t
POS: 19
AÃ‘ADIMOS BIGRAMA
1
PRIMER CARACTER: 32 t
POS: 19
SEGUNDO CHAR: i
POS: 8
AÃ‘ADIMOS BIGRAMA
1
PRIMER CARACTER: 33 i
POS: 8
SEGUNDO CHAR: m
POS: 12
AÃ‘ADIMOS BIGRAMA
1
PRIMER CARACTER: 34 m
POS: 12
SEGUNDO CHAR: o
POS: 14
AÃ‘ADIMOS BIGRAMA
1
PRIMER CARACTER: 35 o
POS: 14
SEGUNDO CHAR: s
POS: 18
AÃ‘ADIMOS BIGRAMA
2
PRIMER CARACTER: 36 s
POS: 18
SEGUNDO CHAR:  
POS: -1
PRIMER CARACTER: 38 a
POS: 0
SEGUNDO CHAR: ñ
POS: 43
AÃ‘ADIMOS BIGRAMA
1
PRIMER CARACTER: 39 ñ
POS: 43
SEGUNDO CHAR: o
POS: 14
AÃ‘ADIMOS BIGRAMA
2
PRIMER CARACTER: 40 o
POS: 14
SEGUNDO CHAR: s
POS: 18
AÃ‘ADIMOS BIGRAMA
3
PRIMER CARACTER: 41 s
POS: 18
SEGUNDO CHAR:  
POS: -1
PRIMER CARACTER: 43 d
POS: 3
SEGUNDO CHAR: e
POS: 4
AÃ‘ADIMOS BIGRAMA
1
PRIMER CARACTER: 44 e
POS: 4
SEGUNDO CHAR:  
POS: -1
PRIMER CARACTER: 46 s
POS: 18
SEGUNDO CHAR: u
POS: 20
AÃ‘ADIMOS BIGRAMA
1
PRIMER CARACTER: 47 u
POS: 20
SEGUNDO CHAR:  
POS: -1
PRIMER CARACTER: 49 c
POS: 2
SEGUNDO CHAR: a
POS: 0
AÃ‘ADIMOS BIGRAMA
1
PRIMER CARACTER: 50 a
POS: 0
SEGUNDO CHAR: r
POS: 17
AÃ‘ADIMOS BIGRAMA
1
PRIMER CARACTER: 51 r
POS: 17
SEGUNDO CHAR: r
POS: 17
AÃ‘ADIMOS BIGRAMA
1
PRIMER CARACTER: 52 r
POS: 17
SEGUNDO CHAR: e
POS: 4
AÃ‘ADIMOS BIGRAMA
1
PRIMER CARACTER: 53 e
POS: 4
SEGUNDO CHAR: r
POS: 17
AÃ‘ADIMOS BIGRAMA
1
PRIMER CARACTER: 54 r
POS: 17
SEGUNDO CHAR: a
POS: 0
AÃ‘ADIMOS BIGRAMA
1
PRIMER CARACTER: 55 a
POS: 0
SEGUNDO CHAR: ,
POS: -1
PRIMER CARACTER: 57  
POS: -1
PRIMER CARACTER: 58 v
POS: 21
SEGUNDO CHAR: e
POS: 4
AÃ‘ADIMOS BIGRAMA
1
PRIMER CARACTER: 59 e
POS: 4
SEGUNDO CHAR: r
POS: 17
AÃ‘ADIMOS BIGRAMA
2
PRIMER CARACTER: 60 r
POS: 17
SEGUNDO CHAR: i
POS: 8
AÃ‘ADIMOS BIGRAMA
1
PRIMER CARACTER: 61 i
POS: 8
SEGUNDO CHAR: f
POS: 5
AÃ‘ADIMOS BIGRAMA
1
PRIMER CARACTER: 62 f
POS: 5
SEGUNDO CHAR: i
POS: 8
AÃ‘ADIMOS BIGRAMA
1
PRIMER CARACTER: 63 i
POS: 8
SEGUNDO CHAR: c
POS: 2
AÃ‘ADIMOS BIGRAMA
1
PRIMER CARACTER: 64 c
POS: 2
SEGUNDO CHAR: o
POS: 14
AÃ‘ADIMOS BIGRAMA
1
PRIMER CARACTER: 65 o
POS: 14
SEGUNDO CHAR: s
POS: 18
AÃ‘ADIMOS BIGRAMA
4
PRIMER CARACTER: 66 s
POS: 18
SEGUNDO CHAR: e
POS: 4
AÃ‘ADIMOS BIGRAMA
1
PRIMER CARACTER: 67 e
POS: 4
SEGUNDO CHAR:  
POS: -1
PRIMER CARACTER: 69 e
POS: 4
SEGUNDO CHAR: n
POS: 13
AÃ‘ADIMOS BIGRAMA
1
PRIMER CARACTER: 1 é
POS: 35
SEGUNDO CHAR: l
POS: 11
AÃ‘ADIMOS BIGRAMA
1
PRIMER CARACTER: 2 l
POS: 11
SEGUNDO CHAR:  
POS: -1
PRIMER CARACTER: 4 u
POS: 20
SEGUNDO CHAR: n
POS: 13
AÃ‘ADIMOS BIGRAMA
1
PRIMER CARACTER: 5 n
POS: 13
SEGUNDO CHAR: o
POS: 14
AÃ‘ADIMOS BIGRAMA
1
PRIMER CARACTER: 6 o
POS: 14
SEGUNDO CHAR:  
POS: -1
PRIMER CARACTER: 8 d
POS: 3
SEGUNDO CHAR: e
POS: 4
AÃ‘ADIMOS BIGRAMA
2
PRIMER CARACTER: 9 e
POS: 4
SEGUNDO CHAR:  
POS: -1
PRIMER CARACTER: 11 e
POS: 4
SEGUNDO CHAR: s
POS: 18
AÃ‘ADIMOS BIGRAMA
2
PRIMER CARACTER: 12 s
POS: 18
SEGUNDO CHAR: o
POS: 14
AÃ‘ADIMOS BIGRAMA
1
PRIMER CARACTER: 13 o
POS: 14
SEGUNDO CHAR: s
POS: 18
AÃ‘ADIMOS BIGRAMA
5
PRIMER CARACTER: 14 s
POS: 18
SEGUNDO CHAR:  
POS: -1
PRIMER CARACTER: 16 c
POS: 2
SEGUNDO CHAR: a
POS: 0
AÃ‘ADIMOS BIGRAMA
2
PRIMER CARACTER: 17 a
POS: 0
SEGUNDO CHAR: m
POS: 12
AÃ‘ADIMOS BIGRAMA
1
PRIMER CARACTER: 18 m
POS: 12
SEGUNDO CHAR: b
POS: 1
AÃ‘ADIMOS BIGRAMA
1
PRIMER CARACTER: 19 b
POS: 1
SEGUNDO CHAR: i
POS: 8
AÃ‘ADIMOS BIGRAMA
1
PRIMER CARACTER: 20 i
POS: 8
SEGUNDO CHAR: a
POS: 0
AÃ‘ADIMOS BIGRAMA
2
PRIMER CARACTER: 21 a
POS: 0
SEGUNDO CHAR: z
POS: 25
AÃ‘ADIMOS BIGRAMA
1
PRIMER CARACTER: 22 z
POS: 25
SEGUNDO CHAR: o
POS: 14
AÃ‘ADIMOS BIGRAMA
1
PRIMER CARACTER: 23 o
POS: 14
SEGUNDO CHAR: s
POS: 18
AÃ‘ADIMOS BIGRAMA
6
PRIMER CARACTER: 24 s
POS: 18
SEGUNDO CHAR:  
POS: -1
PRIMER CARACTER: 26 c
POS: 2
SEGUNDO CHAR: r
POS: 17
AÃ‘ADIMOS BIGRAMA
1
PRIMER CARACTER: 27 r
POS: 17
SEGUNDO CHAR: í
POS: 39
AÃ‘ADIMOS BIGRAMA
1
PRIMER CARACTER: 28 í
POS: 39
SEGUNDO CHAR: t
POS: 19
AÃ‘ADIMOS BIGRAMA
1
PRIMER CARACTER: 29 t
POS: 19
SEGUNDO CHAR: i
POS: 8
AÃ‘ADIMOS BIGRAMA
2
PRIMER CARACTER: 30 i
POS: 8
SEGUNDO CHAR: c
POS: 2
AÃ‘ADIMOS BIGRAMA
2
PRIMER CARACTER: 31 c
POS: 2
SEGUNDO CHAR: o
POS: 14
AÃ‘ADIMOS BIGRAMA
2
PRIMER CARACTER: 32 o
POS: 14
SEGUNDO CHAR: s
POS: 18
AÃ‘ADIMOS BIGRAMA
7
PRIMER CARACTER: 33 s
POS: 18
SEGUNDO CHAR:  
POS: -1
PRIMER CARACTER: 35 q
POS: 16
SEGUNDO CHAR: u
POS: 20
AÃ‘ADIMOS BIGRAMA
1
PRIMER CARACTER: 36 u
POS: 20
SEGUNDO CHAR: e
POS: 4
AÃ‘ADIMOS BIGRAMA
1
PRIMER CARACTER: 37 e
POS: 4
SEGUNDO CHAR:  
POS: -1
PRIMER CARACTER: 39 t
POS: 19
SEGUNDO CHAR: a
POS: 0
AÃ‘ADIMOS BIGRAMA
1
PRIMER CARACTER: 40 a
POS: 0
SEGUNDO CHAR: n
POS: 13
AÃ‘ADIMOS BIGRAMA
2
PRIMER CARACTER: 41 n
POS: 13
SEGUNDO CHAR:  
POS: -1
PRIMER CARACTER: 43 c
POS: 2
SEGUNDO CHAR: o
POS: 14
AÃ‘ADIMOS BIGRAMA
3
PRIMER CARACTER: 44 o
POS: 14
SEGUNDO CHAR: m
POS: 12
AÃ‘ADIMOS BIGRAMA
1
PRIMER CARACTER: 45 m
POS: 12
SEGUNDO CHAR: u
POS: 20
AÃ‘ADIMOS BIGRAMA
1
PRIMER CARACTER: 46 u
POS: 20
SEGUNDO CHAR: n
POS: 13
AÃ‘ADIMOS BIGRAMA
2
PRIMER CARACTER: 47 n
POS: 13
SEGUNDO CHAR: e
POS: 4
AÃ‘ADIMOS BIGRAMA
1
PRIMER CARACTER: 48 e
POS: 4
SEGUNDO CHAR: s
POS: 18
AÃ‘ADIMOS BIGRAMA
3
PRIMER CARACTER: 49 s
POS: 18
SEGUNDO CHAR:  
POS: -1
PRIMER CARACTER: 51 s
POS: 18
SEGUNDO CHAR: o
POS: 14
AÃ‘ADIMOS BIGRAMA
2
PRIMER CARACTER: 52 o
POS: 14
SEGUNDO CHAR: n
POS: 13
AÃ‘ADIMOS BIGRAMA
1
PRIMER CARACTER: 53 n
POS: 13
SEGUNDO CHAR:  
POS: -1
PRIMER CARACTER: 55 e
POS: 4
SEGUNDO CHAR: n
POS: 13
AÃ‘ADIMOS BIGRAMA
2
PRIMER CARACTER: 56 n
POS: 13
SEGUNDO CHAR:  
POS: -1
PRIMER CARACTER: 58 l
POS: 11
SEGUNDO CHAR: a
POS: 0
AÃ‘ADIMOS BIGRAMA
1
PRIMER CARACTER: 59 a
POS: 0
SEGUNDO CHAR:  
POS: -1
PRIMER CARACTER: 61 e
POS: 4
SEGUNDO CHAR: d
POS: 3
AÃ‘ADIMOS BIGRAMA
1
PRIMER CARACTER: 62 d
POS: 3
SEGUNDO CHAR: a
POS: 0
AÃ‘ADIMOS BIGRAMA
1
PRIMER CARACTER: 63 a
POS: 0
SEGUNDO CHAR: d
POS: 3
AÃ‘ADIMOS BIGRAMA
1
PRIMER CARACTER: 1 j
POS: 9
SEGUNDO CHAR: u
POS: 20
AÃ‘ADIMOS BIGRAMA
1
PRIMER CARACTER: 2 u
POS: 20
SEGUNDO CHAR: v
POS: 21
AÃ‘ADIMOS BIGRAMA
1
PRIMER CARACTER: 3 v
POS: 21
SEGUNDO CHAR: e
POS: 4
AÃ‘ADIMOS BIGRAMA
2
PRIMER CARACTER: 4 e
POS: 4
SEGUNDO CHAR: n
POS: 13
AÃ‘ADIMOS BIGRAMA
3
PRIMER CARACTER: 5 n
POS: 13
SEGUNDO CHAR: i
POS: 8
AÃ‘ADIMOS BIGRAMA
2
PRIMER CARACTER: 6 i
POS: 8
SEGUNDO CHAR: l
POS: 11
AÃ‘ADIMOS BIGRAMA
1
PRIMER CARACTER: 7 l
POS: 11
SEGUNDO CHAR: .
POS: -1
PRIMER CARACTER: 9  
POS: -1
PRIMER CARACTER: 10 d
POS: 3
SEGUNDO CHAR: e
POS: 4
AÃ‘ADIMOS BIGRAMA
3
PRIMER CARACTER: 11 e
POS: 4
SEGUNDO CHAR:  
POS: -1
PRIMER CARACTER: 13 t
POS: 19
SEGUNDO CHAR: r
POS: 17
AÃ‘ADIMOS BIGRAMA
1
PRIMER CARACTER: 14 r
POS: 17
SEGUNDO CHAR: a
POS: 0
AÃ‘ADIMOS BIGRAMA
2
PRIMER CARACTER: 15 a
POS: 0
SEGUNDO CHAR: v
POS: 21
AÃ‘ADIMOS BIGRAMA
1
PRIMER CARACTER: 16 v
POS: 21
SEGUNDO CHAR: i
POS: 8
AÃ‘ADIMOS BIGRAMA
1
PRIMER CARACTER: 17 i
POS: 8
SEGUNDO CHAR: e
POS: 4
AÃ‘ADIMOS BIGRAMA
1
PRIMER CARACTER: 18 e
POS: 4
SEGUNDO CHAR: s
POS: 18
AÃ‘ADIMOS BIGRAMA
4
PRIMER CARACTER: 19 s
POS: 18
SEGUNDO CHAR: o
POS: 14
AÃ‘ADIMOS BIGRAMA
3
PRIMER CARACTER: 20 o
POS: 14
SEGUNDO CHAR:  
POS: -1
PRIMER CARACTER: 22 y
POS: 24
SEGUNDO CHAR:  
POS: -1
PRIMER CARACTER: 24 a
POS: 0
SEGUNDO CHAR: l
POS: 11
AÃ‘ADIMOS BIGRAMA
1
PRIMER CARACTER: 25 l
POS: 11
SEGUNDO CHAR: b
POS: 1
AÃ‘ADIMOS BIGRAMA
1
PRIMER CARACTER: 26 b
POS: 1
SEGUNDO CHAR: o
POS: 14
AÃ‘ADIMOS BIGRAMA
1
PRIMER CARACTER: 27 o
POS: 14
SEGUNDO CHAR: r
POS: 17
AÃ‘ADIMOS BIGRAMA
1
PRIMER CARACTER: 28 r
POS: 17
SEGUNDO CHAR: o
POS: 14
AÃ‘ADIMOS BIGRAMA
1
PRIMER CARACTER: 29 o
POS: 14
SEGUNDO CHAR: t
POS: 19
AÃ‘ADIMOS BIGRAMA
1
PRIMER CARACTER: 30 t
POS: 19
SEGUNDO CHAR: a
POS: 0
AÃ‘ADIMOS BIGRAMA
2
PRIMER CARACTER: 31 a
POS: 0
SEGUNDO CHAR: d
POS: 3
AÃ‘ADIMOS BIGRAMA
2
PRIMER CARACTER: 32 d
POS: 3
SEGUNDO CHAR: o
POS: 14
AÃ‘ADIMOS BIGRAMA
2
PRIMER CARACTER: 33 o
POS: 14
SEGUNDO CHAR:  
POS: -1
PRIMER CARACTER: 35 v
POS: 21
SEGUNDO CHAR: o
POS: 14
AÃ‘ADIMOS BIGRAMA
1
PRIMER CARACTER: 36 o
POS: 14
SEGUNDO CHAR: l
POS: 11
AÃ‘ADIMOS BIGRAMA
1
PRIMER CARACTER: 37 l
POS: 11
SEGUNDO CHAR: v
POS: 21
AÃ‘ADIMOS BIGRAMA
1
PRIMER CARACTER: 38 v
POS: 21
SEGUNDO CHAR: i
POS: 8
AÃ‘ADIMOS BIGRAMA
2
PRIMER CARACTER: 39 i
POS: 8
SEGUNDO CHAR: o
POS: 14
AÃ‘ADIMOS BIGRAMA
1
PRIMER CARACTER: 40 o
POS: 14
SEGUNDO CHAR: s
POS: 18
AÃ‘ADIMOS BIGRAMA
8
PRIMER CARACTER: 41 s
POS: 18
SEGUNDO CHAR: e
POS: 4
AÃ‘ADIMOS BIGRAMA
2
PRIMER CARACTER: 42 e
POS: 4
SEGUNDO CHAR:  
POS: -1
PRIMER CARACTER: 44 t
POS: 19
SEGUNDO CHAR: a
POS: 0
AÃ‘ADIMOS BIGRAMA
3
PRIMER CARACTER: 45 a
POS: 0
SEGUNDO CHAR: n
POS: 13
AÃ‘ADIMOS BIGRAMA
3
PRIMER CARACTER: 46 n
POS: 13
SEGUNDO CHAR:  
POS: -1
PRIMER CARACTER: 48 j
POS: 9
SEGUNDO CHAR: u
POS: 20
AÃ‘ADIMOS BIGRAMA
2
PRIMER CARACTER: 49 u
POS: 20
SEGUNDO CHAR: i
POS: 8
AÃ‘ADIMOS BIGRAMA
1
PRIMER CARACTER: 50 i
POS: 8
SEGUNDO CHAR: c
POS: 2
AÃ‘ADIMOS BIGRAMA
3
PRIMER CARACTER: 51 c
POS: 2
SEGUNDO CHAR: i
POS: 8
AÃ‘ADIMOS BIGRAMA
1
PRIMER CARACTER: 52 i
POS: 8
SEGUNDO CHAR: o
POS: 14
AÃ‘ADIMOS BIGRAMA
2
PRIMER CARACTER: 53 o
POS: 14
SEGUNDO CHAR: s
POS: 18
AÃ‘ADIMOS BIGRAMA
9
PRIMER CARACTER: 54 s
POS: 18
SEGUNDO CHAR: i
POS: 8
AÃ‘ADIMOS BIGRAMA
1
PRIMER CARACTER: 55 i
POS: 8
SEGUNDO CHAR: l
POS: 11
AÃ‘ADIMOS BIGRAMA
2
PRIMER CARACTER: 56 l
POS: 11
SEGUNDO CHAR: l
POS: 11
AÃ‘ADIMOS BIGRAMA
1
PRIMER CARACTER: 57 l
POS: 11
SEGUNDO CHAR: o
POS: 14
AÃ‘ADIMOS BIGRAMA
2
PRIMER CARACTER: 58 o
POS: 14
SEGUNDO CHAR: ,
POS: -1
PRIMER CARACTER: 60  
POS: -1
PRIMER CARACTER: 61 q
POS: 16
SEGUNDO CHAR: u
POS: 20
AÃ‘ADIMOS BIGRAMA
2
PRIMER CARACTER: 62 u
POS: 20
SEGUNDO CHAR: e
POS: 4
AÃ‘ADIMOS BIGRAMA
2
PRIMER CARACTER: 63 e
POS: 4
SEGUNDO CHAR:  
POS: -1
PRIMER CARACTER: 65 a
POS: 0
SEGUNDO CHAR: l
POS: 11
AÃ‘ADIMOS BIGRAMA
2
PRIMER CARACTER: 66 l
POS: 11
SEGUNDO CHAR:  
POS: -1
PRIMER CARACTER: 68 m
POS: 12
SEGUNDO CHAR: i
POS: 8
AÃ‘ADIMOS BIGRAMA
1
PRIMER CARACTER: 69 i
POS: 8
SEGUNDO CHAR: s
POS: 18
AÃ‘ADIMOS BIGRAMA
1
PRIMER CARACTER: 70 s
POS: 18
SEGUNDO CHAR: m
POS: 12
AÃ‘ADIMOS BIGRAMA
1
PRIMER CARACTER: 71 m
POS: 12
SEGUNDO CHAR: o
POS: 14
AÃ‘ADIMOS BIGRAMA
2
PRIMER CARACTER: 1 z
POS: 25
SEGUNDO CHAR: a
POS: 0
AÃ‘ADIMOS BIGRAMA
1
PRIMER CARACTER: 2 a
POS: 0
SEGUNDO CHAR: l
POS: 11
AÃ‘ADIMOS BIGRAMA
3
PRIMER CARACTER: 3 l
POS: 11
SEGUNDO CHAR: a
POS: 0
AÃ‘ADIMOS BIGRAMA
2
PRIMER CARACTER: 4 a
POS: 0
SEGUNDO CHAR: m
POS: 12
AÃ‘ADIMOS BIGRAMA
2
PRIMER CARACTER: 5 m
POS: 12
SEGUNDO CHAR: e
POS: 4
AÃ‘ADIMOS BIGRAMA
1
PRIMER CARACTER: 6 e
POS: 4
SEGUNDO CHAR: r
POS: 17
AÃ‘ADIMOS BIGRAMA
3
PRIMER CARACTER: 7 r
POS: 17
SEGUNDO CHAR: o
POS: 14
AÃ‘ADIMOS BIGRAMA
2
PRIMER CARACTER: 8 o
POS: 14
SEGUNDO CHAR:  
POS: -1
PRIMER CARACTER: 10 d
POS: 3
SEGUNDO CHAR: a
POS: 0
AÃ‘ADIMOS BIGRAMA
2
PRIMER CARACTER: 11 a
POS: 0
SEGUNDO CHAR: b
POS: 1
AÃ‘ADIMOS BIGRAMA
2
PRIMER CARACTER: 12 b
POS: 1
SEGUNDO CHAR: a
POS: 0
AÃ‘ADIMOS BIGRAMA
2
PRIMER CARACTER: 13 a
POS: 0
SEGUNDO CHAR:  
POS: -1
PRIMER CARACTER: 15 q
POS: 16
SEGUNDO CHAR: u
POS: 20
AÃ‘ADIMOS BIGRAMA
3
PRIMER CARACTER: 16 u
POS: 20
SEGUNDO CHAR: i
POS: 8
AÃ‘ADIMOS BIGRAMA
2
PRIMER CARACTER: 17 i
POS: 8
SEGUNDO CHAR: n
POS: 13
AÃ‘ADIMOS BIGRAMA
1
PRIMER CARACTER: 18 n
POS: 13
SEGUNDO CHAR: c
POS: 2
AÃ‘ADIMOS BIGRAMA
1
PRIMER CARACTER: 19 c
POS: 2
SEGUNDO CHAR: e
POS: 4
AÃ‘ADIMOS BIGRAMA
1
PRIMER CARACTER: 20 e
POS: 4
SEGUNDO CHAR:  
POS: -1
PRIMER CARACTER: 22 y
POS: 24
SEGUNDO CHAR:  
POS: -1
PRIMER CARACTER: 24 r
POS: 17
SEGUNDO CHAR: a
POS: 0
AÃ‘ADIMOS BIGRAMA
3
PRIMER CARACTER: 25 a
POS: 0
SEGUNDO CHAR: y
POS: 24
AÃ‘ADIMOS BIGRAMA
1
PRIMER CARACTER: 26 y
POS: 24
SEGUNDO CHAR: a
POS: 0
AÃ‘ADIMOS BIGRAMA
1
PRIMER CARACTER: 27 a
POS: 0
SEGUNDO CHAR: .
POS: -1
95


TAMANIO DEL REFTO LANG: SIZE = 57
SE METE EL BIGRAMA
BIGRAMFREQ= ab 2
ITERACION: ________________________________________1
SE METE EL BIGRAMA
BIGRAMFREQ= ad 2
ITERACION: ________________________________________2
SE METE EL BIGRAMA
BIGRAMFREQ= al 3
ITERACION: ________________________________________3
SE METE EL BIGRAMA
BIGRAMFREQ= am 2
ITERACION: ________________________________________4
SE METE EL BIGRAMA
BIGRAMFREQ= an 3
ITERACION: ________________________________________5
SE METE EL BIGRAMA
BIGRAMFREQ= ar 1
ITERACION: ________________________________________6
SE METE EL BIGRAMA
BIGRAMFREQ= av 1
ITERACION: ________________________________________7
SE METE EL BIGRAMA
BIGRAMFREQ= ay 1
ITERACION: ________________________________________8
SE METE EL BIGRAMA
BIGRAMFREQ= az 1
ITERACION: ________________________________________9
SE METE EL BIGRAMA
BIGRAMFREQ= añ 1
ITERACION: ________________________________________10
SE METE EL BIGRAMA
BIGRAMFREQ= ba 2
ITERACION: ________________________________________11
SE METE EL BIGRAMA
BIGRAMFREQ= bi 1
ITERACION: ________________________________________12
SE METE EL BIGRAMA
BIGRAMFREQ= bo 1
ITERACION: ________________________________________13
SE METE EL BIGRAMA
BIGRAMFREQ= ca 2
ITERACION: ________________________________________14
SE METE EL BIGRAMA
BIGRAMFREQ= ce 1
ITERACION: ________________________________________15
SE METE EL BIGRAMA
BIGRAMFREQ= ci 1
ITERACION: ________________________________________16
SE METE EL BIGRAMA
BIGRAMFREQ= co 3
ITERACION: ________________________________________17
SE METE EL BIGRAMA
BIGRAMFREQ= cr 1
ITERACION: ________________________________________18
SE METE EL BIGRAMA
BIGRAMFREQ= cu 1
ITERACION: ________________________________________19
SE METE EL BIGRAMA
BIGRAMFREQ= da 2
ITERACION: ________________________________________20
SE METE EL BIGRAMA
BIGRAMFREQ= de 3
ITERACION: ________________________________________21
SE METE EL BIGRAMA
BIGRAMFREQ= di 1
ITERACION: ________________________________________22
SE METE EL BIGRAMA
BIGRAMFREQ= do 2
ITERACION: ________________________________________23
SE METE EL BIGRAMA
BIGRAMFREQ= ed 1
ITERACION: ________________________________________24
SE METE EL BIGRAMA
BIGRAMFREQ= el 1
ITERACION: ________________________________________25
SE METE EL BIGRAMA
BIGRAMFREQ= en 3
ITERACION: ________________________________________26
SE METE EL BIGRAMA
BIGRAMFREQ= er 3
ITERACION: ________________________________________27
SE METE EL BIGRAMA
BIGRAMFREQ= es 4
ITERACION: ________________________________________28
SE METE EL BIGRAMA
BIGRAMFREQ= fi 1
ITERACION: ________________________________________29
SE METE EL BIGRAMA
BIGRAMFREQ= ia 2
ITERACION: ________________________________________30
SE METE EL BIGRAMA
BIGRAMFREQ= ic 3
ITERACION: ________________________________________31
SE METE EL BIGRAMA
BIGRAMFREQ= ie 1
ITERACION: ________________________________________32
SE METE EL BIGRAMA
BIGRAMFREQ= if 1
ITERACION: ________________________________________33
SE METE EL BIGRAMA
BIGRAMFREQ= il 2
ITERACION: ________________________________________34
SE METE EL BIGRAMA
BIGRAMFREQ= im 1
ITERACION: ________________________________________35
SE METE EL BIGRAMA
BIGRAMFREQ= in 1
ITERACION: ________________________________________36
SE METE EL BIGRAMA
BIGRAMFREQ= io 2
ITERACION: ________________________________________37
SE METE EL BIGRAMA
BIGRAMFREQ= is 1
ITERACION: ________________________________________38
SE METE EL BIGRAMA
BIGRAMFREQ= iñ 1
ITERACION: ________________________________________39
SE METE EL BIGRAMA
BIGRAMFREQ= ju 2
ITERACION: ________________________________________40
SE METE EL BIGRAMA
BIGRAMFREQ= la 2
ITERACION: ________________________________________41
SE METE EL BIGRAMA
BIGRAMFREQ= lb 1
ITERACION: ________________________________________42
SE METE EL BIGRAMA
BIGRAMFREQ= ll 1
ITERACION: ________________________________________43
SE METE EL BIGRAMA
BIGRAMFREQ= lo 2
ITERACION: ________________________________________44
SE METE EL BIGRAMA
BIGRAMFREQ= lt 1
ITERACION: ________________________________________45
SE METE EL BIGRAMA
BIGRAMFREQ= lv 1
ITERACION: ________________________________________46
SE METE EL BIGRAMA
BIGRAMFREQ= mb 1
ITERACION: ________________________________________47
SE METE EL BIGRAMA
BIGRAMFREQ= me 1
ITERACION: ________________________________________48
SE METE EL BIGRAMA
BIGRAMFREQ= mi 1
ITERACION: ________________________________________49
SE METE EL BIGRAMA
BIGRAMFREQ= mo 2
ITERACION: ________________________________________50
SE METE EL BIGRAMA
BIGRAMFREQ= mu 1
ITERACION: ________________________________________51
SE METE EL BIGRAMA
BIGRAMFREQ= nc 1
ITERACION: ________________________________________52
SE METE EL BIGRAMA
BIGRAMFREQ= nd 1
ITERACION: ________________________________________53
SE METE EL BIGRAMA
BIGRAMFREQ= ne 1
ITERACION: ________________________________________54
SE METE EL BIGRAMA
BIGRAMFREQ= ni 2
ITERACION: ________________________________________55
SE METE EL BIGRAMA
BIGRAMFREQ= no 1
ITERACION: ________________________________________56
SE METE EL BIGRAMA
BIGRAMFREQ= ol 1
ITERACION: ________________________________________57
SE METE EL BIGRAMA
BIGRAMFREQ= om 1
ITERACION: ________________________________________58
SE METE EL BIGRAMA
BIGRAMFREQ= on 1
ITERACION: ________________________________________59
SE METE EL BIGRAMA
BIGRAMFREQ= or 1
ITERACION: ________________________________________60
SE METE EL BIGRAMA
BIGRAMFREQ= os 9
ITERACION: ________________________________________61
SE METE EL BIGRAMA
BIGRAMFREQ= ot 1
ITERACION: ________________________________________62
SE METE EL BIGRAMA
BIGRAMFREQ= qu 3
ITERACION: ________________________________________63
SE METE EL BIGRAMA
BIGRAMFREQ= ra 3
ITERACION: ________________________________________64
SE METE EL BIGRAMA
BIGRAMFREQ= re 1
ITERACION: ________________________________________65
SE METE EL BIGRAMA
BIGRAMFREQ= ri 1
ITERACION: ________________________________________66
SE METE EL BIGRAMA
BIGRAMFREQ= ro 2
ITERACION: ________________________________________67
SE METE EL BIGRAMA
BIGRAMFREQ= rr 1
ITERACION: ________________________________________68
SE METE EL BIGRAMA
BIGRAMFREQ= rí 1
ITERACION: ________________________________________69
SE METE EL BIGRAMA
BIGRAMFREQ= se 2
ITERACION: ________________________________________70
SE METE EL BIGRAMA
BIGRAMFREQ= si 1
ITERACION: ________________________________________71
SE METE EL BIGRAMA
BIGRAMFREQ= sm 1
ITERACION: ________________________________________72
SE METE EL BIGRAMA
BIGRAMFREQ= so 3
ITERACION: ________________________________________73
SE METE EL BIGRAMA
BIGRAMFREQ= st 1
ITERACION: ________________________________________74
SE METE EL BIGRAMA
BIGRAMFREQ= su 1
ITERACION: ________________________________________75
SE METE EL BIGRAMA
BIGRAMFREQ= ta 3
ITERACION: ________________________________________76
SE METE EL BIGRAMA
BIGRAMFREQ= ti 2
ITERACION: ________________________________________77
SE METE EL BIGRAMA
BIGRAMFREQ= tr 1
ITERACION: ________________________________________78
SE METE EL BIGRAMA
BIGRAMFREQ= tu 1
ITERACION: ________________________________________79
SE METE EL BIGRAMA
BIGRAMFREQ= ua 1
ITERACION: ________________________________________80
SE METE EL BIGRAMA
BIGRAMFREQ= ud 1
ITERACION: ________________________________________81
SE METE EL BIGRAMA
BIGRAMFREQ= ue 2
ITERACION: ________________________________________82
SE METE EL BIGRAMA
BIGRAMFREQ= ui 2
ITERACION: ________________________________________83
SE METE EL BIGRAMA
BIGRAMFREQ= un 2
ITERACION: ________________________________________84
SE METE EL BIGRAMA
BIGRAMFREQ= uv 1
ITERACION: ________________________________________85
SE METE EL BIGRAMA
BIGRAMFREQ= ve 2
ITERACION: ________________________________________86
SE METE EL BIGRAMA
BIGRAMFREQ= vi 2
ITERACION: ________________________________________87
SE METE EL BIGRAMA
BIGRAMFREQ= vo 1
ITERACION: ________________________________________88
SE METE EL BIGRAMA
BIGRAMFREQ= ya 1
ITERACION: ________________________________________89
SE METE EL BIGRAMA
BIGRAMFREQ= za 1
ITERACION: ________________________________________90
SE METE EL BIGRAMA
BIGRAMFREQ= zo 1
ITERACION: ________________________________________91
SE METE EL BIGRAMA
BIGRAMFREQ= él 1
ITERACION: ________________________________________92
SE METE EL BIGRAMA
BIGRAMFREQ= ít 1
ITERACION: ________________________________________93
SE METE EL BIGRAMA
BIGRAMFREQ= ño 2
ITERACION: ________________________________________94
SE METE EL BIGRAMA
BIGRAMFREQ= úl 1
ITERACION: ________________________________________95
TAMANIO ANTES DE SORT: 95
TAMANIO DESPUES CEL SORT: 95
95_____---___ 
TO LANG: SIZE = 57
SE METE EL BIGRAMA
BIGRAMFREQ= ab 2
ITERACION: ________________________________________1
SE METE EL BIGRAMA
BIGRAMFREQ= ad 2
ITERACION: ________________________________________2
SE METE EL BIGRAMA
BIGRAMFREQ= al 3
ITERACION: ________________________________________3
SE METE EL BIGRAMA
BIGRAMFREQ= am 2
ITERACION: ________________________________________4
SE METE EL BIGRAMA
BIGRAMFREQ= an 3
ITERACION: ________________________________________5
SE METE EL BIGRAMA
BIGRAMFREQ= ar 1
ITERACION: ________________________________________6
SE METE EL BIGRAMA
BIGRAMFREQ= av 1
ITERACION: ________________________________________7
SE METE EL BIGRAMA
BIGRAMFREQ= ay 1
ITERACION: ________________________________________8
SE METE EL BIGRAMA
BIGRAMFREQ= az 1
ITERACION: ________________________________________9
SE METE EL BIGRAMA
BIGRAMFREQ= añ 1
ITERACION: ________________________________________10
SE METE EL BIGRAMA
BIGRAMFREQ= ba 2
ITERACION: ________________________________________11
SE METE EL BIGRAMA
BIGRAMFREQ= bi 1
ITERACION: ________________________________________12
SE METE EL BIGRAMA
BIGRAMFREQ= bo 1
ITERACION: ________________________________________13
SE METE EL BIGRAMA
BIGRAMFREQ= ca 2
ITERACION: ________________________________________14
SE METE EL BIGRAMA
BIGRAMFREQ= ce 1
ITERACION: ________________________________________15
SE METE EL BIGRAMA
BIGRAMFREQ= ci 1
ITERACION: ________________________________________16
SE METE EL BIGRAMA
BIGRAMFREQ= co 3
ITERACION: ________________________________________17
SE METE EL BIGRAMA
BIGRAMFREQ= cr 1
ITERACION: ________________________________________18
SE METE EL BIGRAMA
BIGRAMFREQ= cu 1
ITERACION: ________________________________________19
SE METE EL BIGRAMA
BIGRAMFREQ= da 2
ITERACION: ________________________________________20
SE METE EL BIGRAMA
BIGRAMFREQ= de 3
ITERACION: ________________________________________21
SE METE EL BIGRAMA
BIGRAMFREQ= di 1
ITERACION: ________________________________________22
SE METE EL BIGRAMA
BIGRAMFREQ= do 2
ITERACION: ________________________________________23
SE METE EL BIGRAMA
BIGRAMFREQ= ed 1
ITERACION: ________________________________________24
SE METE EL BIGRAMA
BIGRAMFREQ= el 1
ITERACION: ________________________________________25
SE METE EL BIGRAMA
BIGRAMFREQ= en 3
ITERACION: ________________________________________26
SE METE EL BIGRAMA
BIGRAMFREQ= er 3
ITERACION: ________________________________________27
SE METE EL BIGRAMA
BIGRAMFREQ= es 4
ITERACION: ________________________________________28
SE METE EL BIGRAMA
BIGRAMFREQ= fi 1
ITERACION: ________________________________________29
SE METE EL BIGRAMA
BIGRAMFREQ= ia 2
ITERACION: ________________________________________30
SE METE EL BIGRAMA
BIGRAMFREQ= ic 3
ITERACION: ________________________________________31
SE METE EL BIGRAMA
BIGRAMFREQ= ie 1
ITERACION: ________________________________________32
SE METE EL BIGRAMA
BIGRAMFREQ= if 1
ITERACION: ________________________________________33
SE METE EL BIGRAMA
BIGRAMFREQ= il 2
ITERACION: ________________________________________34
SE METE EL BIGRAMA
BIGRAMFREQ= im 1
ITERACION: ________________________________________35
SE METE EL BIGRAMA
BIGRAMFREQ= in 1
ITERACION: ________________________________________36
SE METE EL BIGRAMA
BIGRAMFREQ= io 2
ITERACION: ________________________________________37
SE METE EL BIGRAMA
BIGRAMFREQ= is 1
ITERACION: ________________________________________38
SE METE EL BIGRAMA
BIGRAMFREQ= iñ 1
ITERACION: ________________________________________39
SE METE EL BIGRAMA
BIGRAMFREQ= ju 2
ITERACION: ________________________________________40
SE METE EL BIGRAMA
BIGRAMFREQ= la 2
ITERACION: ________________________________________41
SE METE EL BIGRAMA
BIGRAMFREQ= lb 1
ITERACION: ________________________________________42
SE METE EL BIGRAMA
BIGRAMFREQ= ll 1
ITERACION: ________________________________________43
SE METE EL BIGRAMA
BIGRAMFREQ= lo 2
ITERACION: ________________________________________44
SE METE EL BIGRAMA
BIGRAMFREQ= lt 1
ITERACION: ________________________________________45
SE METE EL BIGRAMA
BIGRAMFREQ= lv 1
ITERACION: ________________________________________46
SE METE EL BIGRAMA
BIGRAMFREQ= mb 1
ITERACION: ________________________________________47
SE METE EL BIGRAMA
BIGRAMFREQ= me 1
ITERACION: ________________________________________48
SE METE EL BIGRAMA
BIGRAMFREQ= mi 1
ITERACION: ________________________________________49
SE METE EL BIGRAMA
BIGRAMFREQ= mo 2
ITERACION: ________________________________________50
SE METE EL BIGRAMA
BIGRAMFREQ= mu 1
ITERACION: ________________________________________51
SE METE EL BIGRAMA
BIGRAMFREQ= nc 1
ITERACION: ________________________________________52
SE METE EL BIGRAMA
BIGRAMFREQ= nd 1
ITERACION: ________________________________________53
SE METE EL BIGRAMA
BIGRAMFREQ= ne 1
ITERACION: ________________________________________54
SE METE EL BIGRAMA
BIGRAMFREQ= ni 2
ITERACION: ________________________________________55
SE METE EL BIGRAMA
BIGRAMFREQ= no 1
ITERACION: ________________________________________56
SE METE EL BIGRAMA
BIGRAMFREQ= ol 1
ITERACION: ________________________________________57
SE METE EL BIGRAMA
BIGRAMFREQ= om 1
ITERACION: ________________________________________58
SE METE EL BIGRAMA
BIGRAMFREQ= on 1
ITERACION: ________________________________________59
SE METE EL BIGRAMA
BIGRAMFREQ= or 1
ITERACION: ________________________________________60
SE METE EL BIGRAMA
BIGRAMFREQ= os 9
ITERACION: ________________________________________61
SE METE EL BIGRAMA
BIGRAMFREQ= ot 1
ITERACION: ________________________________________62
SE METE EL BIGRAMA
BIGRAMFREQ= qu 3
ITERACION: ________________________________________63
SE METE EL BIGRAMA
BIGRAMFREQ= ra 3
ITERACION: ________________________________________64
SE METE EL BIGRAMA
BIGRAMFREQ= re 1
ITERACION: ________________________________________65
SE METE EL BIGRAMA
BIGRAMFREQ= ri 1
ITERACION: ________________________________________66
SE METE EL BIGRAMA
BIGRAMFREQ= ro 2
ITERACION: ________________________________________67
SE METE EL BIGRAMA
BIGRAMFREQ= rr 1
ITERACION: ________________________________________68
SE METE EL BIGRAMA
BIGRAMFREQ= rí 1
ITERACION: ________________________________________69
SE METE EL BIGRAMA
BIGRAMFREQ= se 2
ITERACION: ________________________________________70
SE METE EL BIGRAMA
BIGRAMFREQ= si 1
ITERACION: ________________________________________71
SE METE EL BIGRAMA
BIGRAMFREQ= sm 1
ITERACION: ________________________________________72
SE METE EL BIGRAMA
BIGRAMFREQ= so 3
ITERACION: ________________________________________73
SE METE EL BIGRAMA
BIGRAMFREQ= st 1
ITERACION: ________________________________________74
SE METE EL BIGRAMA
BIGRAMFREQ= su 1
ITERACION: ________________________________________75
SE METE EL BIGRAMA
BIGRAMFREQ= ta 3
ITERACION: ________________________________________76
SE METE EL BIGRAMA
BIGRAMFREQ= ti 2
ITERACION: ________________________________________77
SE METE EL BIGRAMA
BIGRAMFREQ= tr 1
ITERACION: ________________________________________78
SE METE EL BIGRAMA
BIGRAMFREQ= tu 1
ITERACION: ________________________________________79
SE METE EL BIGRAMA
BIGRAMFREQ= ua 1
ITERACION: ________________________________________80
SE METE EL BIGRAMA
BIGRAMFREQ= ud 1
ITERACION: ________________________________________81
SE METE EL BIGRAMA
BIGRAMFREQ= ue 2
ITERACION: ________________________________________82
SE METE EL BIGRAMA
BIGRAMFREQ= ui 2
ITERACION: ________________________________________83
SE METE EL BIGRAMA
BIGRAMFREQ= un 2
ITERACION: ________________________________________84
SE METE EL BIGRAMA
BIGRAMFREQ= uv 1
ITERACION: ________________________________________85
SE METE EL BIGRAMA
BIGRAMFREQ= ve 2
ITERACION: ________________________________________86
SE METE EL BIGRAMA
BIGRAMFREQ= vi 2
ITERACION: ________________________________________87
SE METE EL BIGRAMA
BIGRAMFREQ= vo 1
ITERACION: ________________________________________88
SE METE EL BIGRAMA
BIGRAMFREQ= ya 1
ITERACION: ________________________________________89
SE METE EL BIGRAMA
BIGRAMFREQ= za 1
ITERACION: ________________________________________90
SE METE EL BIGRAMA
BIGRAMFREQ= zo 1
ITERACION: ________________________________________91
SE METE EL BIGRAMA
BIGRAMFREQ= él 1
ITERACION: ________________________________________92
SE METE EL BIGRAMA
BIGRAMFREQ= ít 1
ITERACION: ________________________________________93
SE METE EL BIGRAMA
BIGRAMFREQ= ño 2
ITERACION: ________________________________________94
SE METE EL BIGRAMA
BIGRAMFREQ= úl 1
ITERACION: ________________________________________95
TAMANIO ANTES DE SORT: 95
TAMANIO DESPUES CEL SORT: 95
LANG CREATED. Number bigramfreqs: 95
